Start testing: Nov 05 13:03 CET
----------------------------------------------------------
1/20 Testing: test_mod_2fsk
1/20 Test: test_mod_2fsk
Command: "/home/haaken/github-projects/qradiolink/gr-qradiolink/build/tests/test_mod_2fsk"
Directory: /home/haaken/github-projects/qradiolink/gr-qradiolink/build/tests
"test_mod_2fsk" start time: Nov 05 13:03 CET
Output:
----------------------------------------------------------
Testing mod_2fsk...
mod_2fsk test passed!
<end of output>
Test time =   0.01 sec
----------------------------------------------------------
Test Passed.
"test_mod_2fsk" end time: Nov 05 13:03 CET
"test_mod_2fsk" time elapsed: 00:00:00
----------------------------------------------------------

2/20 Testing: test_mod_4fsk
2/20 Test: test_mod_4fsk
Command: "/home/haaken/github-projects/qradiolink/gr-qradiolink/build/tests/test_mod_4fsk"
Directory: /home/haaken/github-projects/qradiolink/gr-qradiolink/build/tests
"test_mod_4fsk" start time: Nov 05 13:03 CET
Output:
----------------------------------------------------------
Testing mod_4fsk...
mod_4fsk test passed!
<end of output>
Test time =   0.01 sec
----------------------------------------------------------
Test Passed.
"test_mod_4fsk" end time: Nov 05 13:03 CET
"test_mod_4fsk" time elapsed: 00:00:00
----------------------------------------------------------

3/20 Testing: test_mod_am
3/20 Test: test_mod_am
Command: "/home/haaken/github-projects/qradiolink/gr-qradiolink/build/tests/test_mod_am"
Directory: /home/haaken/github-projects/qradiolink/gr-qradiolink/build/tests
"test_mod_am" start time: Nov 05 13:03 CET
Output:
----------------------------------------------------------
Testing mod_am...
mod_am test passed!
<end of output>
Test time =   0.01 sec
----------------------------------------------------------
Test Passed.
"test_mod_am" end time: Nov 05 13:03 CET
"test_mod_am" time elapsed: 00:00:00
----------------------------------------------------------

4/20 Testing: test_mod_gmsk
4/20 Test: test_mod_gmsk
Command: "/home/haaken/github-projects/qradiolink/gr-qradiolink/build/tests/test_mod_gmsk"
Directory: /home/haaken/github-projects/qradiolink/gr-qradiolink/build/tests
"test_mod_gmsk" start time: Nov 05 13:03 CET
Output:
----------------------------------------------------------
Testing mod_gmsk...
mod_gmsk test passed!
<end of output>
Test time =   0.01 sec
----------------------------------------------------------
Test Passed.
"test_mod_gmsk" end time: Nov 05 13:03 CET
"test_mod_gmsk" time elapsed: 00:00:00
----------------------------------------------------------

5/20 Testing: test_mod_bpsk
5/20 Test: test_mod_bpsk
Command: "/home/haaken/github-projects/qradiolink/gr-qradiolink/build/tests/test_mod_bpsk"
Directory: /home/haaken/github-projects/qradiolink/gr-qradiolink/build/tests
"test_mod_bpsk" start time: Nov 05 13:03 CET
Output:
----------------------------------------------------------
Testing mod_bpsk...
mod_bpsk test passed!
<end of output>
Test time =   0.01 sec
----------------------------------------------------------
Test Passed.
"test_mod_bpsk" end time: Nov 05 13:03 CET
"test_mod_bpsk" time elapsed: 00:00:00
----------------------------------------------------------

6/20 Testing: qradiolink_test_mod_ssb
6/20 Test: qradiolink_test_mod_ssb
Command: "/usr/bin/sh" "qradiolink_test_mod_ssb_test.sh"
Directory: /home/haaken/github-projects/qradiolink/gr-qradiolink/build/tests
"qradiolink_test_mod_ssb" start time: Nov 05 13:03 CET
Output:
----------------------------------------------------------
Running 5 test cases...

[1;32;49m*** No errors detected
[0;39;49m
<end of output>
Test time =   0.03 sec
----------------------------------------------------------
Test Passed.
"qradiolink_test_mod_ssb" end time: Nov 05 13:03 CET
"qradiolink_test_mod_ssb" time elapsed: 00:00:00
----------------------------------------------------------

7/20 Testing: qradiolink_test_mod_qpsk
7/20 Test: qradiolink_test_mod_qpsk
Command: "/usr/bin/sh" "qradiolink_test_mod_qpsk_test.sh"
Directory: /home/haaken/github-projects/qradiolink/gr-qradiolink/build/tests
"qradiolink_test_mod_qpsk" start time: Nov 05 13:03 CET
Output:
----------------------------------------------------------
Running 3 test cases...

[1;32;49m*** No errors detected
[0;39;49m
<end of output>
Test time =   0.01 sec
----------------------------------------------------------
Test Passed.
"qradiolink_test_mod_qpsk" end time: Nov 05 13:03 CET
"qradiolink_test_mod_qpsk" time elapsed: 00:00:00
----------------------------------------------------------

8/20 Testing: qradiolink_test_mod_nbfm
8/20 Test: qradiolink_test_mod_nbfm
Command: "/usr/bin/sh" "qradiolink_test_mod_nbfm_test.sh"
Directory: /home/haaken/github-projects/qradiolink/gr-qradiolink/build/tests
"qradiolink_test_mod_nbfm" start time: Nov 05 13:03 CET
Output:
----------------------------------------------------------
Running 3 test cases...

[1;32;49m*** No errors detected
[0;39;49m
<end of output>
Test time =   0.02 sec
----------------------------------------------------------
Test Passed.
"qradiolink_test_mod_nbfm" end time: Nov 05 13:03 CET
"qradiolink_test_mod_nbfm" time elapsed: 00:00:00
----------------------------------------------------------

9/20 Testing: qradiolink_test_mod_dsss
9/20 Test: qradiolink_test_mod_dsss
Command: "/usr/bin/sh" "qradiolink_test_mod_dsss_test.sh"
Directory: /home/haaken/github-projects/qradiolink/gr-qradiolink/build/tests
"qradiolink_test_mod_dsss" start time: Nov 05 13:03 CET
Output:
----------------------------------------------------------
Running 3 test cases...

[1;32;49m*** No errors detected
[0;39;49m
<end of output>
Test time =   0.01 sec
----------------------------------------------------------
Test Passed.
"qradiolink_test_mod_dsss" end time: Nov 05 13:03 CET
"qradiolink_test_mod_dsss" time elapsed: 00:00:00
----------------------------------------------------------

10/20 Testing: qradiolink_test_demod_2fsk
10/20 Test: qradiolink_test_demod_2fsk
Command: "/usr/bin/sh" "qradiolink_test_demod_2fsk_test.sh"
Directory: /home/haaken/github-projects/qradiolink/gr-qradiolink/build/tests
"qradiolink_test_demod_2fsk" start time: Nov 05 13:03 CET
Output:
----------------------------------------------------------
Running 3 test cases...

[1;32;49m*** No errors detected
[0;39;49m
<end of output>
Test time =   0.03 sec
----------------------------------------------------------
Test Passed.
"qradiolink_test_demod_2fsk" end time: Nov 05 13:03 CET
"qradiolink_test_demod_2fsk" time elapsed: 00:00:00
----------------------------------------------------------

11/20 Testing: qradiolink_test_demod_am
11/20 Test: qradiolink_test_demod_am
Command: "/usr/bin/sh" "qradiolink_test_demod_am_test.sh"
Directory: /home/haaken/github-projects/qradiolink/gr-qradiolink/build/tests
"qradiolink_test_demod_am" start time: Nov 05 13:03 CET
Output:
----------------------------------------------------------
Running 2 test cases...

[1;32;49m*** No errors detected
[0;39;49m
<end of output>
Test time =   0.02 sec
----------------------------------------------------------
Test Passed.
"qradiolink_test_demod_am" end time: Nov 05 13:03 CET
"qradiolink_test_demod_am" time elapsed: 00:00:00
----------------------------------------------------------

12/20 Testing: qradiolink_test_demod_ssb
12/20 Test: qradiolink_test_demod_ssb
Command: "/usr/bin/sh" "qradiolink_test_demod_ssb_test.sh"
Directory: /home/haaken/github-projects/qradiolink/gr-qradiolink/build/tests
"qradiolink_test_demod_ssb" start time: Nov 05 13:03 CET
Output:
----------------------------------------------------------
Running 2 test cases...

[1;32;49m*** No errors detected
[0;39;49m
<end of output>
Test time =   0.02 sec
----------------------------------------------------------
Test Passed.
"qradiolink_test_demod_ssb" end time: Nov 05 13:03 CET
"qradiolink_test_demod_ssb" time elapsed: 00:00:00
----------------------------------------------------------

13/20 Testing: qradiolink_test_demod_wbfm
13/20 Test: qradiolink_test_demod_wbfm
Command: "/usr/bin/sh" "qradiolink_test_demod_wbfm_test.sh"
Directory: /home/haaken/github-projects/qradiolink/gr-qradiolink/build/tests
"qradiolink_test_demod_wbfm" start time: Nov 05 13:03 CET
Output:
----------------------------------------------------------
Running 2 test cases...

[1;32;49m*** No errors detected
[0;39;49m
<end of output>
Test time =   0.01 sec
----------------------------------------------------------
Test Passed.
"qradiolink_test_demod_wbfm" end time: Nov 05 13:03 CET
"qradiolink_test_demod_wbfm" time elapsed: 00:00:00
----------------------------------------------------------

14/20 Testing: qradiolink_test_demod_nbfm
14/20 Test: qradiolink_test_demod_nbfm
Command: "/usr/bin/sh" "qradiolink_test_demod_nbfm_test.sh"
Directory: /home/haaken/github-projects/qradiolink/gr-qradiolink/build/tests
"qradiolink_test_demod_nbfm" start time: Nov 05 13:03 CET
Output:
----------------------------------------------------------
Running 2 test cases...

[1;32;49m*** No errors detected
[0;39;49m
<end of output>
Test time =   0.02 sec
----------------------------------------------------------
Test Passed.
"qradiolink_test_demod_nbfm" end time: Nov 05 13:03 CET
"qradiolink_test_demod_nbfm" time elapsed: 00:00:00
----------------------------------------------------------

15/20 Testing: qradiolink_test_demod_bpsk
15/20 Test: qradiolink_test_demod_bpsk
Command: "/usr/bin/sh" "qradiolink_test_demod_bpsk_test.sh"
Directory: /home/haaken/github-projects/qradiolink/gr-qradiolink/build/tests
"qradiolink_test_demod_bpsk" start time: Nov 05 13:03 CET
Output:
----------------------------------------------------------
Running 2 test cases...

[1;32;49m*** No errors detected
[0;39;49m
<end of output>
Test time =   0.01 sec
----------------------------------------------------------
Test Passed.
"qradiolink_test_demod_bpsk" end time: Nov 05 13:03 CET
"qradiolink_test_demod_bpsk" time elapsed: 00:00:00
----------------------------------------------------------

16/20 Testing: qradiolink_test_demod_qpsk
16/20 Test: qradiolink_test_demod_qpsk
Command: "/usr/bin/sh" "qradiolink_test_demod_qpsk_test.sh"
Directory: /home/haaken/github-projects/qradiolink/gr-qradiolink/build/tests
"qradiolink_test_demod_qpsk" start time: Nov 05 13:03 CET
Output:
----------------------------------------------------------
Running 2 test cases...

[1;32;49m*** No errors detected
[0;39;49m
<end of output>
Test time =   0.01 sec
----------------------------------------------------------
Test Passed.
"qradiolink_test_demod_qpsk" end time: Nov 05 13:03 CET
"qradiolink_test_demod_qpsk" time elapsed: 00:00:00
----------------------------------------------------------

17/20 Testing: qradiolink_test_demod_gmsk
17/20 Test: qradiolink_test_demod_gmsk
Command: "/usr/bin/sh" "qradiolink_test_demod_gmsk_test.sh"
Directory: /home/haaken/github-projects/qradiolink/gr-qradiolink/build/tests
"qradiolink_test_demod_gmsk" start time: Nov 05 13:03 CET
Output:
----------------------------------------------------------
Running 2 test cases...

[1;32;49m*** No errors detected
[0;39;49m
<end of output>
Test time =   0.01 sec
----------------------------------------------------------
Test Passed.
"qradiolink_test_demod_gmsk" end time: Nov 05 13:03 CET
"qradiolink_test_demod_gmsk" time elapsed: 00:00:00
----------------------------------------------------------

18/20 Testing: qradiolink_test_demod_4fsk
18/20 Test: qradiolink_test_demod_4fsk
Command: "/usr/bin/sh" "qradiolink_test_demod_4fsk_test.sh"
Directory: /home/haaken/github-projects/qradiolink/gr-qradiolink/build/tests
"qradiolink_test_demod_4fsk" start time: Nov 05 13:03 CET
Output:
----------------------------------------------------------
Running 3 test cases...

[1;32;49m*** No errors detected
[0;39;49m
<end of output>
Test time =   0.03 sec
----------------------------------------------------------
Test Passed.
"qradiolink_test_demod_4fsk" end time: Nov 05 13:03 CET
"qradiolink_test_demod_4fsk" time elapsed: 00:00:00
----------------------------------------------------------

19/20 Testing: qradiolink_test_demod_dsss
19/20 Test: qradiolink_test_demod_dsss
Command: "/usr/bin/sh" "qradiolink_test_demod_dsss_test.sh"
Directory: /home/haaken/github-projects/qradiolink/gr-qradiolink/build/tests
"qradiolink_test_demod_dsss" start time: Nov 05 13:03 CET
Output:
----------------------------------------------------------
Running 2 test cases...

[1;32;49m*** No errors detected
[0;39;49m
<end of output>
Test time =   0.02 sec
----------------------------------------------------------
Test Passed.
"qradiolink_test_demod_dsss" end time: Nov 05 13:03 CET
"qradiolink_test_demod_dsss" time elapsed: 00:00:00
----------------------------------------------------------

20/20 Testing: qradiolink_test_demod_m17
20/20 Test: qradiolink_test_demod_m17
Command: "/usr/bin/sh" "qradiolink_test_demod_m17_test.sh"
Directory: /home/haaken/github-projects/qradiolink/gr-qradiolink/build/tests
"qradiolink_test_demod_m17" start time: Nov 05 13:03 CET
Output:
----------------------------------------------------------
Running 2 test cases...

[1;32;49m*** No errors detected
[0;39;49m
<end of output>
Test time =   0.02 sec
----------------------------------------------------------
Test Passed.
"qradiolink_test_demod_m17" end time: Nov 05 13:03 CET
"qradiolink_test_demod_m17" time elapsed: 00:00:00
----------------------------------------------------------

End testing: Nov 05 13:03 CET
